09:37:07.299 [INFO]  [Preparing] Diffblue Cover 2025.02.02-08b2a5a-licensed
09:37:07.299 [INFO]  [Preparing] Running: dcover create
09:37:07.299 [INFO]  [Preparing] 
09:37:07.300 [INFO]  [Preparing] Command: create
09:37:07.300 [INFO]  [Preparing] Create tests for the specified package/class/method.
09:37:07.300 [INFO]  [Preparing] 
09:37:10.391 [INFO]  [Checking] Maven Using ${maven.home} of: /opt/homebrew/Cellar/maven/3.9.9.
09:37:10.394 [INFO]  [Checking] Maven Executing: /bin/sh -c cd /Users/amishra/Developer/demo-java-ee-servlet && /opt/homebrew/Cellar/maven/3.9.9/bin/mvn -B -version
09:37:10.905 [INFO]  [Checking] Standard output of build tool (Maven)
09:37:10.905 [INFO]  [Checking] > Apache Maven 3.9.9 (8e8579a9e76f7d015ee5ec7bfcdc97d260186937)
09:37:10.905 [INFO]  [Checking] > Maven home: /opt/homebrew/Cellar/maven/3.9.9/libexec
09:37:10.906 [INFO]  [Checking] > Java version: 1.8.0_442, vendor: Azul Systems, Inc., runtime: /Library/Java/JavaVirtualMachines/zulu-8.jdk/Contents/Home/jre
09:37:10.906 [INFO]  [Checking] > Default locale: en_GB, platform encoding: UTF-8
09:37:10.906 [INFO]  [Checking] > OS name: "mac os x", version: "15.3.1", arch: "aarch64", family: "mac"
09:37:10.908 [INFO]  [Checking] Using CUSTOMISABLE Build System Implementation
09:37:11.022 [INFO]  [Checking] Using default build rules as no custom rules found in any of [/Users/amishra/Developer/demo-java-ee-servlet]
09:37:11.028 [INFO]  [Checking] Attempting to invoke mvnw in working directory: /Users/amishra/Developer/demo-java-ee-servlet
09:37:11.042 [INFO]  [Checking] Attempting to invoke /opt/homebrew/bin/mvn in working directory: /Users/amishra/Developer/demo-java-ee-servlet
09:37:11.056 [INFO]  [Checking] Started "/opt/homebrew/bin/mvn -Dmaven.ext.class.path=/usr/local/bin/diffblue/cover-buildsystem-maven-spy-jar-with-dependencies.jar -Dcom.diffblue.cover.skipTests=true --batch-mode install -Dmaven.compiler.failOnWarning=false --also-make -DskipTests -DskipITs --threads=1C"
09:37:12.060 [INFO]  [Checking] out: [INFO] Scanning for projects...
09:37:12.093 [INFO]  [Checking] out: [WARNING] 
09:37:12.093 [INFO]  [Checking] out: [WARNING] Some problems were encountered while building the effective model for org.mdb:DemoJSP:war:0.0.1-SNAPSHOT
09:37:12.094 [INFO]  [Checking] out: [WARNING] 'dependencies.dependency.(groupId:artifactId:type:classifier)' must be unique: javax.servlet:javax.servlet-api:jar -> duplicate declaration of version 4.0.1 @ line 30, column 17
09:37:12.094 [INFO]  [Checking] out: [WARNING] 
09:37:12.094 [INFO]  [Checking] out: [WARNING] It is highly recommended to fix these problems because they threaten the stability of your build.
09:37:12.094 [INFO]  [Checking] out: [WARNING] 
09:37:12.094 [INFO]  [Checking] out: [WARNING] For this reason, future Maven versions might no longer support building such malformed projects.
09:37:12.094 [INFO]  [Checking] out: [WARNING] 
09:37:12.103 [INFO]  [Checking] out: [INFO] 
09:37:12.103 [INFO]  [Checking] out: [INFO] Using the MultiThreadedBuilder implementation with a thread count of 10
09:37:12.105 [INFO]  [Checking] out: [INFO] 
09:37:12.105 [INFO]  [Checking] out: [INFO] --------------------------< org.mdb:DemoJSP >---------------------------
09:37:12.105 [INFO]  [Checking] out: [INFO] Building DemoJSP Maven Webapp 0.0.1-SNAPSHOT
09:37:12.105 [INFO]  [Checking] out: [INFO]   from pom.xml
09:37:12.105 [INFO]  [Checking] out: [INFO] --------------------------------[ war ]---------------------------------
09:37:12.524 [INFO]  [Checking] out: [INFO] 
09:37:12.524 [INFO]  [Checking] out: [INFO] --- resources:3.3.1:resources (default-resources) @ DemoJSP ---
09:37:12.702 [INFO]  [Checking] out: [INFO] skip non existing resourceDirectory /Users/amishra/Developer/demo-java-ee-servlet/src/main/resources
09:37:12.704 [INFO]  [Checking] out: [INFO] 
09:37:12.705 [INFO]  [Checking] out: [INFO] --- compiler:3.13.0:compile (default-compile) @ DemoJSP ---
09:37:12.895 [INFO]  [Checking] out: [INFO] No sources to compile
09:37:12.897 [INFO]  [Checking] out: [INFO] 
09:37:12.897 [INFO]  [Checking] out: [INFO] --- resources:3.3.1:testResources (default-testResources) @ DemoJSP ---
09:37:12.898 [INFO]  [Checking] out: [INFO] skip non existing resourceDirectory /Users/amishra/Developer/demo-java-ee-servlet/src/test/resources
09:37:12.900 [INFO]  [Checking] out: [INFO] 
09:37:12.900 [INFO]  [Checking] out: [INFO] --- compiler:3.13.0:testCompile (default-testCompile) @ DemoJSP ---
09:37:12.902 [INFO]  [Checking] out: [INFO] No sources to compile
09:37:12.904 [INFO]  [Checking] out: [INFO] 
09:37:12.904 [INFO]  [Checking] out: [INFO] --- surefire:3.3.0:test (default-test) @ DemoJSP ---
09:37:13.046 [INFO]  [Checking] out: [INFO] Tests are skipped.
09:37:13.048 [INFO]  [Checking] out: [INFO] 
09:37:13.048 [INFO]  [Checking] out: [INFO] --- war:3.4.0:war (default-war) @ DemoJSP ---
09:37:13.498 [INFO]  [Checking] out: [INFO] Packaging webapp
09:37:13.498 [INFO]  [Checking] out: [INFO] Assembling webapp [DemoJSP] in [/Users/amishra/Developer/demo-java-ee-servlet/target/DemoJSP]
09:37:13.504 [INFO]  [Checking] out: [INFO] Processing war project
09:37:13.527 [INFO]  [Checking] out: [INFO] Building war: /Users/amishra/Developer/demo-java-ee-servlet/target/DemoJSP.war
09:37:13.606 [INFO]  [Checking] out: [INFO] 
09:37:13.607 [INFO]  [Checking] out: [INFO] --- install:3.1.2:install (default-install) @ DemoJSP ---
09:37:13.660 [INFO]  [Checking] out: [INFO] Installing /Users/amishra/Developer/demo-java-ee-servlet/pom.xml to /Users/amishra/.m2/repository/org/mdb/DemoJSP/0.0.1-SNAPSHOT/DemoJSP-0.0.1-SNAPSHOT.pom
09:37:13.681 [INFO]  [Checking] out: [INFO] Installing /Users/amishra/Developer/demo-java-ee-servlet/target/DemoJSP.war to /Users/amishra/.m2/repository/org/mdb/DemoJSP/0.0.1-SNAPSHOT/DemoJSP-0.0.1-SNAPSHOT.war
09:37:13.765 [INFO]  [Checking] out: [INFO] ------------------------------------------------------------------------
09:37:13.766 [INFO]  [Checking] out: [INFO] BUILD SUCCESS
09:37:13.766 [INFO]  [Checking] out: [INFO] ------------------------------------------------------------------------
09:37:13.766 [INFO]  [Checking] out: [INFO] Total time:  1.704 s (Wall Clock)
09:37:13.766 [INFO]  [Checking] out: [INFO] Finished at: 2025-03-06T09:37:13Z
09:37:13.766 [INFO]  [Checking] out: [INFO] ------------------------------------------------------------------------
09:37:13.804 [INFO]  [Checking] Operating System: Mac OS X aarch64 15.3.1
09:37:13.804 [INFO]  [Checking] Default charset: UTF-8
09:37:13.804 [INFO]  [Checking] Default locale: en_GB
09:37:13.804 [INFO]  [Checking] Default time zone: Europe/London
09:37:13.812 [INFO]  [Checking] Discovered modules:
09:37:13.812 [INFO]  [Checking] - org.mdb:DemoJSP
09:37:13.812 [INFO]  [Checking] 
09:37:13.816 [INFO]  [Checking] 
09:37:13.816 [INFO]  [Checking] [1/1] Creating tests for module: org.mdb:DemoJSP
09:37:13.816 [INFO]  [Checking] ================================================
09:37:13.816 [INFO]  [Checking] 
09:37:13.816 [INFO]  [Checking] Detecting environment:
09:37:13.816 [INFO]  [Checking] ----------------------
09:37:13.864 [INFO]  [Checking] Detected Java version 1.8.0_442
09:37:13.866 [INFO]  [Checking] Maven Using ${maven.home} of: /opt/homebrew/Cellar/maven/3.9.9.
09:37:13.866 [INFO]  [Checking] Maven Executing: /bin/sh -c cd /Users/amishra/Developer/demo-java-ee-servlet && /opt/homebrew/Cellar/maven/3.9.9/bin/mvn -B -version
09:37:14.347 [INFO]  [Checking] Standard output of build tool (Maven)
09:37:14.347 [INFO]  [Checking] > Apache Maven 3.9.9 (8e8579a9e76f7d015ee5ec7bfcdc97d260186937)
09:37:14.347 [INFO]  [Checking] > Maven home: /opt/homebrew/Cellar/maven/3.9.9/libexec
09:37:14.347 [INFO]  [Checking] > Java version: 1.8.0_442, vendor: Azul Systems, Inc., runtime: /Library/Java/JavaVirtualMachines/zulu-8.jdk/Contents/Home/jre
09:37:14.347 [INFO]  [Checking] > Default locale: en_GB, platform encoding: UTF-8
09:37:14.347 [INFO]  [Checking] > OS name: "mac os x", version: "15.3.1", arch: "aarch64", family: "mac"
09:37:14.347 [INFO]  [Checking] Using CUSTOMISABLE Build System Implementation
09:37:14.348 [INFO]  [Checking] Using default build rules as no custom rules found in any of [/Users/amishra/Developer/demo-java-ee-servlet]
09:37:14.349 [INFO]  [Checking] Attempting to invoke mvnw in working directory: /Users/amishra/Developer/demo-java-ee-servlet
09:37:14.380 [INFO]  [Checking] Attempting to invoke /opt/homebrew/bin/mvn in working directory: /Users/amishra/Developer/demo-java-ee-servlet
09:37:14.384 [INFO]  [Checking] Started "/opt/homebrew/bin/mvn -Dmaven.ext.class.path=/usr/local/bin/diffblue/cover-buildsystem-maven-spy-jar-with-dependencies.jar -Dcom.diffblue.cover.skipTests=true --batch-mode install -Dmaven.compiler.failOnWarning=false --also-make -DskipTests -DskipITs --threads=1C"
09:37:15.434 [INFO]  [Checking] out: [INFO] Scanning for projects...
09:37:15.470 [INFO]  [Checking] out: [WARNING] 
09:37:15.471 [INFO]  [Checking] out: [WARNING] Some problems were encountered while building the effective model for org.mdb:DemoJSP:war:0.0.1-SNAPSHOT
09:37:15.471 [INFO]  [Checking] out: [WARNING] 'dependencies.dependency.(groupId:artifactId:type:classifier)' must be unique: javax.servlet:javax.servlet-api:jar -> duplicate declaration of version 4.0.1 @ line 30, column 17
09:37:15.471 [INFO]  [Checking] out: [WARNING] 
09:37:15.471 [INFO]  [Checking] out: [WARNING] It is highly recommended to fix these problems because they threaten the stability of your build.
09:37:15.471 [INFO]  [Checking] out: [WARNING] 
09:37:15.471 [INFO]  [Checking] out: [WARNING] For this reason, future Maven versions might no longer support building such malformed projects.
09:37:15.471 [INFO]  [Checking] out: [WARNING] 
09:37:15.479 [INFO]  [Checking] out: [INFO] 
09:37:15.480 [INFO]  [Checking] out: [INFO] Using the MultiThreadedBuilder implementation with a thread count of 10
09:37:15.481 [INFO]  [Checking] out: [INFO] 
09:37:15.481 [INFO]  [Checking] out: [INFO] --------------------------< org.mdb:DemoJSP >---------------------------
09:37:15.481 [INFO]  [Checking] out: [INFO] Building DemoJSP Maven Webapp 0.0.1-SNAPSHOT
09:37:15.481 [INFO]  [Checking] out: [INFO]   from pom.xml
09:37:15.481 [INFO]  [Checking] out: [INFO] --------------------------------[ war ]---------------------------------
09:37:15.851 [INFO]  [Checking] out: [INFO] 
09:37:15.851 [INFO]  [Checking] out: [INFO] --- resources:3.3.1:resources (default-resources) @ DemoJSP ---
09:37:16.022 [INFO]  [Checking] out: [INFO] skip non existing resourceDirectory /Users/amishra/Developer/demo-java-ee-servlet/src/main/resources
09:37:16.025 [INFO]  [Checking] out: [INFO] 
09:37:16.025 [INFO]  [Checking] out: [INFO] --- compiler:3.13.0:compile (default-compile) @ DemoJSP ---
09:37:16.192 [INFO]  [Checking] out: [INFO] No sources to compile
09:37:16.195 [INFO]  [Checking] out: [INFO] 
09:37:16.195 [INFO]  [Checking] out: [INFO] --- resources:3.3.1:testResources (default-testResources) @ DemoJSP ---
09:37:16.196 [INFO]  [Checking] out: [INFO] skip non existing resourceDirectory /Users/amishra/Developer/demo-java-ee-servlet/src/test/resources
09:37:16.198 [INFO]  [Checking] out: [INFO] 
09:37:16.198 [INFO]  [Checking] out: [INFO] --- compiler:3.13.0:testCompile (default-testCompile) @ DemoJSP ---
09:37:16.200 [INFO]  [Checking] out: [INFO] No sources to compile
09:37:16.202 [INFO]  [Checking] out: [INFO] 
09:37:16.202 [INFO]  [Checking] out: [INFO] --- surefire:3.3.0:test (default-test) @ DemoJSP ---
09:37:16.339 [INFO]  [Checking] out: [INFO] Tests are skipped.
09:37:16.341 [INFO]  [Checking] out: [INFO] 
09:37:16.341 [INFO]  [Checking] out: [INFO] --- war:3.4.0:war (default-war) @ DemoJSP ---
09:37:16.715 [INFO]  [Checking] out: [INFO] Packaging webapp
09:37:16.716 [INFO]  [Checking] out: [INFO] Assembling webapp [DemoJSP] in [/Users/amishra/Developer/demo-java-ee-servlet/target/DemoJSP]
09:37:16.721 [INFO]  [Checking] out: [INFO] Processing war project
09:37:16.746 [INFO]  [Checking] out: [INFO] Building war: /Users/amishra/Developer/demo-java-ee-servlet/target/DemoJSP.war
09:37:16.832 [INFO]  [Checking] out: [INFO] 
09:37:16.832 [INFO]  [Checking] out: [INFO] --- install:3.1.2:install (default-install) @ DemoJSP ---
09:37:16.878 [INFO]  [Checking] out: [INFO] Installing /Users/amishra/Developer/demo-java-ee-servlet/pom.xml to /Users/amishra/.m2/repository/org/mdb/DemoJSP/0.0.1-SNAPSHOT/DemoJSP-0.0.1-SNAPSHOT.pom
09:37:16.895 [INFO]  [Checking] out: [INFO] Installing /Users/amishra/Developer/demo-java-ee-servlet/target/DemoJSP.war to /Users/amishra/.m2/repository/org/mdb/DemoJSP/0.0.1-SNAPSHOT/DemoJSP-0.0.1-SNAPSHOT.war
09:37:16.967 [INFO]  [Checking] out: [INFO] ------------------------------------------------------------------------
09:37:16.967 [INFO]  [Checking] out: [INFO] BUILD SUCCESS
09:37:16.967 [INFO]  [Checking] out: [INFO] ------------------------------------------------------------------------
09:37:16.967 [INFO]  [Checking] out: [INFO] Total time:  1.552 s (Wall Clock)
09:37:16.967 [INFO]  [Checking] out: [INFO] Finished at: 2025-03-06T09:37:16Z
09:37:16.967 [INFO]  [Checking] out: [INFO] ------------------------------------------------------------------------
09:37:16.998 [INFO]  [Checking] Detected build system: Maven 3.9.9
09:37:16.998 [INFO]  [Checking] Operating System: Mac OS X aarch64 15.3.1
09:37:16.998 [INFO]  [Checking] Default charset: UTF-8
09:37:16.998 [INFO]  [Checking] Default locale: en_GB
09:37:16.998 [INFO]  [Checking] Default time zone: Europe/London
09:37:16.999 [INFO]  [Checking] Selected build system: Maven
09:37:17.001 [INFO]  [Checking] Selected classpath from build system maven
09:37:17.001 [INFO]  [Checking] Expanded classpath: 
/Users/amishra/Developer/demo-java-ee-servlet/target/test-classes (does not exist) (test build path)
/Users/amishra/Developer/demo-java-ee-servlet/target/classes (does not exist) (code under test)
/Users/amishra/.m2/repository/javax/servlet/javax.servlet-api/4.0.1/javax.servlet-api-4.0.1.jar
/Users/amishra/.m2/repository/junit/junit/4.13.1/junit-4.13.1.jar
/Users/amishra/.m2/repository/org/hamcrest/hamcrest-core/1.3/hamcrest-core-1.3.jar
/Users/amishra/.m2/repository/com/mysql/mysql-connector-j/9.0.0/mysql-connector-j-9.0.0.jar
/Users/amishra/.m2/repository/com/google/protobuf/protobuf-java/4.26.1/protobuf-java-4.26.1.jar
/Users/amishra/.m2/repository/org/mockito/mockito-core/5.15.2/mockito-core-5.15.2.jar
/Users/amishra/.m2/repository/net/bytebuddy/byte-buddy/1.15.11/byte-buddy-1.15.11.jar
/Users/amishra/.m2/repository/net/bytebuddy/byte-buddy-agent/1.15.11/byte-buddy-agent-1.15.11.jar
/Users/amishra/.m2/repository/org/objenesis/objenesis/3.3/objenesis-3.3.jar
/Users/amishra/.m2/repository/com/diffblue/cover/cover-annotations/1.3.0/cover-annotations-1.3.0.jar
09:37:17.034 [INFO]  [Checking] Detected test framework: JUnit 4.13.1
09:37:17.165 [INFO]  [Checking] Detected Mockito version 5.15.2
09:37:17.185 [INFO]  [Checking] Indexing...
09:37:17.530 [INFO]  [Checking] Selected test output directory: /Users/amishra/Developer/demo-java-ee-servlet/src/test/java
09:37:17.573 [INFO]  [Checking] Detected Hamcrest 1 version 1.3
09:37:18.374 [INFO]  [Checking] Detected JVM architecture: 64-Bit
09:37:18.545 [INFO]  [Checking] Selected Java language compliance level: 1.8
09:37:18.554 [ERROR] [Checking] E054: No class files found
Diffblue Cover could not find any .class files for your project. This
usually means that your project has not yet been compiled.
Please run `mvn install` from the root of your project to ensure the project
is compiled, and all tests pass.
Depending on your project setup, additional configuration may be required.
See https://diff.blue/E054 for further information on how to compile your
project and configure Diffblue Cover for validating your tests.
If this is a sub module you wish to exclude, use the `--exclude-modules`
argument to exclude this module.
If you have customized your build system configuration for Diffblue Cover,
refer to the guidelines here:
https://docs.diffblue.com/features/cover-cli/project-configuration/configuring-cover-to-work-with-your-projects-build-system/
09:37:18.557 [WARN]  [Checking] E066: Dependency incompatible with JDK
The following dependencies are incompatible with
the current JDK (JDK version: 1.8.0_442). Consider fixing this first
before tackling any of the other warnings.
Please change the following dependencies in your project:
  <dependency>
    <groupId>org.mockito</groupId>
    <artifactId>mockito-core</artifactId>
    <version>4.11.0</version>
    <scope>test</scope>
  </dependency>
09:37:18.558 [WARN]  [Checking] E004: No methods found to test
Please ensure the project has been built, that any specified entry points
exist, and that the patch (if given) is valid.
See https://diff.blue/E004 to resolve this issue.
09:37:18.569 [INFO]  [Reporting] 
09:37:18.569 [INFO]  [Reporting] Environment summary for module: org.mdb:DemoJSP
09:37:18.569 [INFO]  [Reporting] -----------------------------------------------
09:37:18.570 [INFO]  [Reporting] Java version                   1.8.0_442                     SUCCESS        
09:37:18.570 [INFO]  [Reporting] Build system                   Maven                         SUCCESS        
09:37:18.570 [INFO]  [Reporting] Mocking Framework              5.15.2                        WARNING        
09:37:18.570 [INFO]  [Reporting] Surefire version               3.3.0                         SUCCESS        
09:37:18.570 [INFO]  [Reporting] JavaEE version                 Skipped                       -----          
09:37:18.570 [INFO]  [Reporting] Spring Core                    Not Detected                  -----          
09:37:18.570 [INFO]  [Reporting] JaCoCo plugin version          Skipped                       -----          
09:37:18.570 [INFO]  [Reporting] Quarkus                        Not Detected                  -----          
09:37:18.570 [INFO]  [Reporting] Spring Boot                    Skipped                       -----          
09:37:18.570 [INFO]  [Reporting] Spring Boot Starter Webflux    Skipped                       -----          
09:37:18.570 [INFO]  [Reporting] Spring Boot Test Autoconfigure Skipped                       -----          
09:37:18.570 [INFO]  [Reporting] Spring Boot Test               Skipped                       -----          
09:37:18.570 [INFO]  [Reporting] Spring Web                     Skipped                       -----          
09:37:18.570 [INFO]  [Reporting] Spring Security Web            Skipped                       -----          
09:37:18.570 [INFO]  [Reporting] Spring Test                    Skipped                       -----          
09:37:18.570 [INFO]  [Reporting] Class files                                                  ERROR          
09:37:18.570 [INFO]  [Reporting] Methods to test                                              WARNING        
09:37:18.570 [INFO]  [Reporting] 
09:37:18.570 [INFO]  [Reporting] Environment check status: ERROR
09:37:18.586 [INFO]  [Checking] Build environment fixes have been generated - run `dcover fix-build` to apply them
09:37:18.671 [INFO]  [Reporting] 
09:37:18.671 [ERROR] [Reporting] One or more errors and warnings were logged, please review them in the log file
09:37:18.671 [INFO]  [Reporting] Log file: /Users/amishra/Developer/demo-java-ee-servlet/.diffblue/log/user-20250306T093706.log
09:37:18.671 [INFO]  [Reporting] Finished in 13s
